TN:
SF:App.js
FN:4,(anonymous_0)
FNF:1
FNH:1
FNDA:1,(anonymous_0)
DA:4,1
DA:5,1
LF:2
LH:2
BRF:0
BRH:0
end_of_record
TN:
SF:assets\search_icon.png
FNF:0
FNH:0
DA:1,2
LF:1
LH:1
BRF:0
BRH:0
end_of_record
TN:
SF:data\DummyData.js
FNF:0
FNH:0
DA:1,1
DA:68,1
LF:2
LH:2
BRF:0
BRH:0
end_of_record
TN:
SF:src\component\WeatherItem.js
FN:5,(anonymous_0)
FNF:1
FNH:0
FNDA:0,(anonymous_0)
DA:5,2
DA:6,0
LF:2
LH:1
BRF:0
BRH:0
end_of_record
TN:
SF:src\constants\AppConstant.js
FNF:0
FNH:0
LF:0
LH:0
BRF:0
BRH:0
end_of_record
TN:
SF:src\constants\ColorConstants.js
FNF:0
FNH:0
LF:0
LH:0
BRF:0
BRH:0
end_of_record
TN:
SF:src\screens\HomeScreen.js
FN:17,(anonymous_0)
FN:28,(anonymous_1)
FN:37,(anonymous_2)
FN:47,(anonymous_3)
FN:58,(anonymous_4)
FN:59,(anonymous_5)
FN:65,(anonymous_6)
FN:72,(anonymous_7)
FN:81,(anonymous_8)
FN:84,(anonymous_9)
FN:100,(anonymous_10)
FN:118,(anonymous_11)
FN:127,(anonymous_12)
FN:149,(anonymous_13)
FNF:14
FNH:11
FNDA:10,(anonymous_0)
FNDA:22,(anonymous_1)
FNDA:1,(anonymous_2)
FNDA:2,(anonymous_3)
FNDA:0,(anonymous_4)
FNDA:0,(anonymous_5)
FNDA:0,(anonymous_6)
FNDA:22,(anonymous_7)
FNDA:2,(anonymous_8)
FNDA:1,(anonymous_9)
FNDA:1,(anonymous_10)
FNDA:1,(anonymous_11)
FNDA:2,(anonymous_12)
FNDA:3,(anonymous_13)
DA:8,2
DA:18,10
DA:19,10
DA:28,10
DA:29,22
DA:38,1
DA:48,2
DA:58,0
DA:59,0
DA:65,0
DA:73,22
DA:81,10
DA:82,2
DA:83,2
DA:84,1
DA:85,1
DA:86,1
DA:88,0
DA:94,1
DA:100,10
DA:101,1
DA:104,1
DA:105,1
DA:106,1
DA:107,0
DA:108,0
DA:110,0
DA:118,10
DA:119,1
DA:120,1
DA:121,1
DA:127,10
DA:128,2
DA:129,2
DA:132,2
DA:133,2
DA:134,1
DA:135,1
DA:137,1
DA:150,3
DA:151,3
DA:152,2
DA:153,2
DA:154,2
DA:155,2
DA:156,2
DA:157,2
DA:158,2
DA:159,4
DA:160,4
DA:161,4
DA:162,4
DA:163,4
DA:164,2
DA:166,2
DA:170,2
DA:171,2
DA:172,2
DA:173,2
DA:174,2
DA:175,2
DA:179,2
DA:185,1
LF:63
LH:56
BRDA:54,0,0,4
BRDA:54,0,1,18
BRDA:55,1,0,15
BRDA:55,1,1,3
BRDA:83,2,0,1
BRDA:83,2,1,1
BRDA:83,3,0,2
BRDA:83,3,1,2
BRDA:85,4,0,1
BRDA:85,4,1,0
BRDA:133,5,0,1
BRDA:133,5,1,1
BRDA:151,6,0,2
BRDA:151,6,1,1
BRDA:163,7,0,2
BRDA:163,7,1,2
BRDA:163,8,0,4
BRDA:163,8,1,4
BRF:18
BRH:17
end_of_record
TN:
SF:src\styles\ItemStyle.js
FNF:0
FNH:0
DA:5,2
LF:1
LH:1
BRF:0
BRH:0
end_of_record
TN:
SF:src\styles\styles.js
FNF:0
FNH:0
DA:5,2
LF:1
LH:1
BRF:0
BRH:0
end_of_record
