TN:
SF:App.js
FN:4,(anonymous_0)
FNF:1
FNH:1
FNDA:1,(anonymous_0)
DA:4,1
DA:5,1
LF:2
LH:2
BRF:0
BRH:0
end_of_record
TN:
SF:styles.js
FNF:0
FNH:0
DA:3,2
DA:4,2
DA:7,2
LF:3
LH:3
BRF:0
BRH:0
end_of_record
TN:
SF:assets\search_icon.png
FNF:0
FNH:0
DA:1,2
LF:1
LH:1
BRF:0
BRH:0
end_of_record
TN:
SF:data\DummyData.js
FNF:0
FNH:0
DA:1,1
DA:68,1
LF:2
LH:2
BRF:0
BRH:0
end_of_record
TN:
SF:screens\HomeScreen.js
FN:15,(anonymous_0)
FN:26,(anonymous_1)
FN:37,(anonymous_2)
FN:46,(anonymous_3)
FN:56,(anonymous_4)
FN:67,(anonymous_5)
FN:69,(anonymous_6)
FN:76,(anonymous_7)
FN:85,(anonymous_8)
FN:88,(anonymous_9)
FN:104,(anonymous_10)
FN:124,(anonymous_11)
FN:133,(anonymous_12)
FN:155,(anonymous_13)
FNF:14
FNH:11
FNDA:10,(anonymous_0)
FNDA:0,(anonymous_1)
FNDA:22,(anonymous_2)
FNDA:1,(anonymous_3)
FNDA:2,(anonymous_4)
FNDA:0,(anonymous_5)
FNDA:0,(anonymous_6)
FNDA:22,(anonymous_7)
FNDA:2,(anonymous_8)
FNDA:1,(anonymous_9)
FNDA:1,(anonymous_10)
FNDA:1,(anonymous_11)
FNDA:2,(anonymous_12)
FNDA:3,(anonymous_13)
DA:8,2
DA:16,10
DA:17,10
DA:26,10
DA:27,0
DA:37,10
DA:38,22
DA:47,1
DA:57,2
DA:67,0
DA:69,0
DA:77,22
DA:85,10
DA:86,2
DA:87,2
DA:88,1
DA:89,1
DA:90,1
DA:92,0
DA:98,1
DA:104,10
DA:105,1
DA:108,1
DA:109,1
DA:110,1
DA:111,1
DA:112,0
DA:113,0
DA:115,0
DA:116,0
DA:124,10
DA:125,1
DA:126,1
DA:127,1
DA:133,10
DA:134,2
DA:135,2
DA:138,2
DA:139,2
DA:140,1
DA:141,1
DA:143,1
DA:156,3
DA:157,3
DA:158,2
DA:159,2
DA:160,2
DA:161,2
DA:162,2
DA:163,2
DA:164,2
DA:165,4
DA:166,4
DA:167,4
DA:168,4
DA:169,4
DA:170,2
DA:172,2
DA:176,2
DA:177,2
DA:178,2
DA:179,2
DA:180,2
DA:181,2
DA:185,2
DA:191,1
LF:66
LH:58
BRDA:63,0,0,4
BRDA:63,0,1,18
BRDA:64,1,0,15
BRDA:64,1,1,3
BRDA:87,2,0,1
BRDA:87,2,1,1
BRDA:87,3,0,2
BRDA:87,3,1,2
BRDA:89,4,0,1
BRDA:89,4,1,0
BRDA:139,5,0,1
BRDA:139,5,1,1
BRDA:157,6,0,2
BRDA:157,6,1,1
BRDA:169,7,0,2
BRDA:169,7,1,2
BRDA:169,8,0,4
BRDA:169,8,1,4
BRF:18
BRH:17
end_of_record
